<?xml version="1.0" encoding="UTF-8"?>
<!-- Generated by org.testng.reporters.JUnitReportReporter -->
<testsuite hostname="DESKTOP-URFE33R" failures="0" tests="1" name="com.actitime.tests.InvalidLoginTest" time="0.000" errors="0" timestamp="16 Jul 2018 07:17:57 GMT" skipped="1">
  <testcase classname="com.actitime.tests.InvalidLoginTest" name="testInvalidLogin" time="0.000">
    <skipped/>
  </testcase> <!-- testInvalidLogin -->
</testsuite> <!-- com.actitime.tests.InvalidLoginTest -->
